<?xml version="1.0" encoding="UTF-8"?>
<testsuite name="com.company.app.module.constraint.validator.FooExtendsValidatorTest" time="0.001" tests="1" errors="1" skipped="0" failures="0">
  <properties>
    <property name="idea.version" value="13.1.3"/>
    <property name="java.runtime.name" value="Java(TM) SE Runtime Environment"/>
    <property name="sun.boot.library.path" value="/home/mcurwen/apps/jdk1.8.0_20/jre/lib/amd64"/>
    <property name="java.vm.version" value="25.20-b23"/>
    <property name="java.vm.vendor" value="Oracle Corporation"/>
    <property name="java.vendor.url" value="http://java.oracle.com/"/>
    <property name="path.separator" value=":"/>
    <property name="guice.disable.misplaced.annotation.check" value="true"/>
    <property name="java.vm.name" value="Java HotSpot(TM) 64-Bit Server VM"/>
    <property name="file.encoding.pkg" value="sun.io"/>
    <property name="idea.launcher.port" value="7548"/>
    <property name="user.country" value="CA"/>
    <property name="sun.java.launcher" value="SUN_STANDARD"/>
    <property name="sun.os.patch.level" value="unknown"/>
    <property name="java.vm.specification.name" value="Java Virtual Machine Specification"/>
    <property name="user.dir" value="/home/mcurwen/projects/scratchy"/>
    <property name="java.runtime.version" value="1.8.0_20-b26"/>
    <property name="java.awt.graphicsenv" value="sun.awt.X11GraphicsEnvironment"/>
    <property name="java.endorsed.dirs" value="/home/mcurwen/apps/jdk1.8.0_20/jre/lib/endorsed"/>
    <property name="os.arch" value="amd64"/>
    <property name="java.io.tmpdir" value="/tmp"/>
    <property name="line.separator" value="&#10;"/>
    <property name="java.vm.specification.vendor" value="Oracle Corporation"/>
    <property name="os.name" value="Linux"/>
    <property name="classworlds.conf" value="/home/mcurwen/apps/apache-maven-3.2.1/bin/m2.conf"/>
    <property name="sun.jnu.encoding" value="UTF-8"/>
    <property name="java.library.path" value="/home/mcurwen/apps/idea-IU-135.909/bin::/usr/java/packages/lib/amd64:/usr/lib64:/lib64:/lib:/usr/lib"/>
    <property name="java.specification.name" value="Java Platform API Specification"/>
    <property name="java.class.version" value="52.0"/>
    <property name="sun.management.compiler" value="HotSpot 64-Bit Tiered Compilers"/>
    <property name="os.version" value="3.8.0-19-generic"/>
    <property name="user.home" value="/home/mcurwen"/>
    <property name="user.timezone" value="America/Winnipeg"/>
    <property name="java.awt.printerjob" value="sun.print.PSPrinterJob"/>
    <property name="java.specification.version" value="1.8"/>
    <property name="idea.launcher.bin.path" value="/home/mcurwen/apps/idea-IU-135.909/bin"/>
    <property name="file.encoding" value="UTF-8"/>
    <property name="user.name" value="mcurwen"/>
    <property name="java.class.path" value="/home/mcurwen/apps/apache-maven-3.2.1/boot/plexus-classworlds-2.5.1.jar:/home/mcurwen/apps/idea-IU-135.909/lib/idea_rt.jar"/>
    <property name="org.slf4j.simpleLogger.defaultLogLevel" value="info"/>
    <property name="java.vm.specification.version" value="1.8"/>
    <property name="sun.arch.data.model" value="64"/>
    <property name="java.home" value="/home/mcurwen/apps/jdk1.8.0_20/jre"/>
    <property name="sun.java.command" value="com.intellij.rt.execution.application.AppMain org.codehaus.classworlds.Launcher -Didea.version=13.1.3 test"/>
    <property name="java.specification.vendor" value="Oracle Corporation"/>
    <property name="user.language" value="en"/>
    <property name="awt.toolkit" value="sun.awt.X11.XToolkit"/>
    <property name="java.vm.info" value="mixed mode"/>
    <property name="java.version" value="1.8.0_20"/>
    <property name="java.ext.dirs" value="/home/mcurwen/apps/jdk1.8.0_20/jre/lib/ext:/usr/java/packages/lib/ext"/>
    <property name="securerandom.source" value="file:/dev/./urandom"/>
    <property name="sun.boot.class.path" value="/home/mcurwen/apps/jdk1.8.0_20/jre/lib/resources.jar:/home/mcurwen/apps/jdk1.8.0_20/jre/lib/rt.jar:/home/mcurwen/apps/jdk1.8.0_20/jre/lib/sunrsasign.jar:/home/mcurwen/apps/jdk1.8.0_20/jre/lib/jsse.jar:/home/mcurwen/apps/jdk1.8.0_20/jre/lib/jce.jar:/home/mcurwen/apps/jdk1.8.0_20/jre/lib/charsets.jar:/home/mcurwen/apps/jdk1.8.0_20/jre/lib/jfr.jar:/home/mcurwen/apps/jdk1.8.0_20/jre/classes"/>
    <property name="java.vendor" value="Oracle Corporation"/>
    <property name="maven.home" value="/home/mcurwen/apps/apache-maven-3.2.1"/>
    <property name="file.separator" value="/"/>
    <property name="java.vendor.url.bug" value="http://bugreport.sun.com/bugreport/"/>
    <property name="sun.cpu.endian" value="little"/>
    <property name="sun.io.unicode.encoding" value="UnicodeLittle"/>
    <property name="sun.desktop" value="gnome"/>
    <property name="sun.cpu.isalist" value=""/>
  </properties>
  <testcase name="testValid" classname="com.company.app.module.constraint.validator.FooExtendsValidatorTest" time="0.001">
    <error message="(class: com/company/app/module/constraint/validator/FooExtendsValidator$$EnhancerByCGLIB$$eff15a95, method: CGLIB$isValid$0 signature: (Ljava/lang/Object;Ljavax/validation/ConstraintValidatorContext;)Z) Incompatible argument to function" type="java.lang.VerifyError">java.lang.VerifyError: (class: com/company/app/module/constraint/validator/FooExtendsValidator$$EnhancerByCGLIB$$eff15a95, method: CGLIB$isValid$0 signature: (Ljava/lang/Object;Ljavax/validation/ConstraintValidatorContext;)Z) Incompatible argument to function
	at java.lang.Class.forName0(Native Method)
	at java.lang.Class.forName(Class.java:340)
	at net.sf.cglib.core.ReflectUtils.defineClass(ReflectUtils.java:386)
	at net.sf.cglib.core.AbstractClassGenerator.create(AbstractClassGenerator.java:219)
	at net.sf.cglib.proxy.Enhancer.createHelper(Enhancer.java:377)
	at net.sf.cglib.proxy.Enhancer.createClass(Enhancer.java:317)
	at org.easymock.internal.ClassProxyFactory.createProxy(ClassProxyFactory.java:175)
	at org.easymock.internal.MocksControl.createMock(MocksControl.java:114)
	at org.easymock.internal.MocksControl.createMock(MocksControl.java:88)
	at org.easymock.internal.MockBuilder.createMock(MockBuilder.java:206)
	at org.easymock.internal.MockBuilder.createMock(MockBuilder.java:219)
	at org.easymock.internal.MockBuilder.createMock(MockBuilder.java:188)
	at com.company.app.module.constraint.validator.FooExtendsValidatorTest.createPartialMock(FooExtendsValidatorTest.java:38)
	at com.company.app.module.constraint.validator.FooExtendsValidatorTest.testValid(FooExtendsValidatorTest.java:25)
</error>
  </testcase>
</testsuite>